<?xml version="1.0" encoding="UTF-8"?>
<!-- Generated by org.testng.reporters.JUnitXMLReporter -->
<testsuite ignored="0" hostname="DESKTOP-O1QSD0A" failures="1" tests="5" name="OasysDataBIMS" time="96.906" errors="0" timestamp="2024-06-07T01:13:36 IST">
  <testcase classname="Oasys.Oasysapp.Appa" name="create_an_account" time="2.954"/>
  <testcase classname="Oasys.Oasysapp.Appa" name="enterFirstname" time="0.159">
    <failure type="java.lang.IllegalArgumentException" message="Keys to send should be a not null CharSequence">
      <![CDATA[java.lang.IllegalArgumentException: Keys to send should be a not null CharSequence
at org.openqa.selenium.remote.RemoteWebElement.sendKeys(RemoteWebElement.java:97)
at Oasys.Oasysapp.Appa.enterFirstname(Appa.java:63)
at java.base/java.util.ArrayList.forEach(ArrayList.java:1511)
... Removed 27 stack frames]]>
    </failure>
  </testcase> <!-- enterFirstname -->
  <testcase classname="Oasys.Oasysapp.Appa" name="enterFirstname" time="28.136"/>
  <testcase classname="Oasys.Oasysapp.Appa" name="enterFirstname" time="27.571"/>
  <testcase classname="Oasys.Oasysapp.Appa" name="enterFirstname" time="27.817"/>
</testsuite> <!-- OasysDataBIMS -->
