<?xml version="1.0" encoding="UTF-8"?>
<!-- Generated by org.testng.reporters.JUnitXMLReporter -->
<testsuite ignored="0" hostname="OASYS-LAP-146" failures="1" tests="5" name="OasysDataBIMS" time="91.113" errors="0" timestamp="2024-06-06T18:33:43 IST">
  <testcase classname="Oasys.Oasysapp.Appa" name="create_an_account" time="2.525"/>
  <testcase classname="Oasys.Oasysapp.Appa" name="enterFirstname" time="0.107">
    <failure type="java.lang.IllegalArgumentException" message="Keys to send should be a not null CharSequence">
      <![CDATA[java.lang.IllegalArgumentException: Keys to send should be a not null CharSequence
at org.openqa.selenium.remote.RemoteWebElement.sendKeys(RemoteWebElement.java:97)
at Oasys.Oasysapp.Appa.enterFirstname(Appa.java:63)
at java.base/java.util.ArrayList.forEach(ArrayList.java:1511)
... Removed 27 stack frames]]>
    </failure>
  </testcase> <!-- enterFirstname -->
  <testcase classname="Oasys.Oasysapp.Appa" name="enterFirstname" time="28.041"/>
  <testcase classname="Oasys.Oasysapp.Appa" name="enterFirstname" time="27.836"/>
  <testcase classname="Oasys.Oasysapp.Appa" name="enterFirstname" time="27.467"/>
</testsuite> <!-- OasysDataBIMS -->
