<?xml version="1.0" encoding="UTF-8"?>
<testng-results ignored="0" total="5" passed="4" failed="1" skipped="0">
  <reporter-output>
  </reporter-output>
  <suite started-at="2024-06-06T18:32:12 IST" name="OasysApp" finished-at="2024-06-06T18:33:43 IST" duration-ms="91113">
    <groups>
    </groups>
    <test started-at="2024-06-06T18:32:12 IST" name="OasysDataBIMS" finished-at="2024-06-06T18:33:43 IST" duration-ms="91113">
      <class name="Oasys.Oasysapp.Appa">
        <test-method is-config="true" signature="setup()[pri:0, instance:Oasys.Oasysapp.Appa@c333c60]" started-at="2024-06-06T18:32:12 IST" name="setup" finished-at="2024-06-06T18:32:14 IST" duration-ms="2318" status="PASS">
          <reporter-output>
          </reporter-output>
        </test-method> <!-- setup -->
        <test-method signature="create_an_account()[pri:0, instance:Oasys.Oasysapp.Appa@c333c60]" started-at="2024-06-06T18:32:14 IST" name="create_an_account" finished-at="2024-06-06T18:32:17 IST" duration-ms="2525" status="PASS">
          <reporter-output>
          </reporter-output>
        </test-method> <!-- create_an_account -->
        <test-method signature="enterFirstname(java.lang.String, java.lang.String, java.lang.String, java.lang.String, java.lang.String, java.lang.String, java.lang.String, java.lang.String, java.lang.String)[pri:0, instance:Oasys.Oasysapp.Appa@c333c60]" started-at="2024-06-06T18:32:18 IST" name="enterFirstname" data-provider="testdata" finished-at="2024-06-06T18:32:18 IST" duration-ms="107" status="FAIL">
          <params>
            <param index="0">
              <value is-null="true"/>
            </param>
            <param index="1">
              <value is-null="true"/>
            </param>
            <param index="2">
              <value is-null="true"/>
            </param>
            <param index="3">
              <value is-null="true"/>
            </param>
            <param index="4">
              <value is-null="true"/>
            </param>
            <param index="5">
              <value is-null="true"/>
            </param>
            <param index="6">
              <value is-null="true"/>
            </param>
            <param index="7">
              <value is-null="true"/>
            </param>
            <param index="8">
              <value is-null="true"/>
            </param>
          </params>
          <exception class="java.lang.IllegalArgumentException">
            <message>
              <![CDATA[Keys to send should be a not null CharSequence]]>
            </message>
            <full-stacktrace>
              <![CDATA[java.lang.IllegalArgumentException: Keys to send should be a not null CharSequence
at org.openqa.selenium.remote.RemoteWebElement.sendKeys(RemoteWebElement.java:97)
at Oasys.Oasysapp.Appa.enterFirstname(Appa.java:63)
at java.base/jdk.internal.reflect.NativeMethodAccessorImpl.invoke0(Native Method)
at java.base/jdk.internal.reflect.NativeMethodAccessorImpl.invoke(NativeMethodAccessorImpl.java:77)
at java.base/jdk.internal.reflect.DelegatingMethodAccessorImpl.invoke(DelegatingMethodAccessorImpl.java:43)
at java.base/java.lang.reflect.Method.invoke(Method.java:568)
at org.testng.internal.MethodInvocationHelper.invokeMethod(MethodInvocationHelper.java:133)
at org.testng.internal.TestInvoker.invokeMethod(TestInvoker.java:584)
at org.testng.internal.TestInvoker.invokeTestMethod(TestInvoker.java:172)
at org.testng.internal.MethodRunner.runInSequence(MethodRunner.java:46)
at org.testng.internal.TestInvoker$MethodInvocationAgent.invoke(TestInvoker.java:804)
at org.testng.internal.TestInvoker.invokeTestMethods(TestInvoker.java:145)
at org.testng.internal.TestMethodWorker.invokeTestMethods(TestMethodWorker.java:146)
at org.testng.internal.TestMethodWorker.run(TestMethodWorker.java:128)
at java.base/java.util.ArrayList.forEach(ArrayList.java:1511)
at org.testng.TestRunner.privateRun(TestRunner.java:770)
at org.testng.TestRunner.run(TestRunner.java:591)
at org.testng.SuiteRunner.runTest(SuiteRunner.java:402)
at org.testng.SuiteRunner.runSequentially(SuiteRunner.java:396)
at org.testng.SuiteRunner.privateRun(SuiteRunner.java:355)
at org.testng.SuiteRunner.run(SuiteRunner.java:304)
at org.testng.SuiteRunnerWorker.runSuite(SuiteRunnerWorker.java:53)
at org.testng.SuiteRunnerWorker.run(SuiteRunnerWorker.java:96)
at org.testng.TestNG.runSuitesSequentially(TestNG.java:1180)
at org.testng.TestNG.runSuitesLocally(TestNG.java:1102)
at org.testng.TestNG.runSuites(TestNG.java:1032)
at org.testng.TestNG.run(TestNG.java:1000)
at org.testng.remote.AbstractRemoteTestNG.run(AbstractRemoteTestNG.java:115)
at org.testng.remote.RemoteTestNG.initAndRun(RemoteTestNG.java:293)
at org.testng.remote.RemoteTestNG.main(RemoteTestNG.java:91)
]]>
            </full-stacktrace>
          </exception> <!-- java.lang.IllegalArgumentException -->
          <reporter-output>
          </reporter-output>
        </test-method> <!-- enterFirstname -->
        <test-method signature="enterFirstname(java.lang.String, java.lang.String, java.lang.String, java.lang.String, java.lang.String, java.lang.String, java.lang.String, java.lang.String, java.lang.String)[pri:0, instance:Oasys.Oasysapp.Appa@c333c60]" started-at="2024-06-06T18:32:18 IST" name="enterFirstname" data-provider="testdata" finished-at="2024-06-06T18:32:46 IST" duration-ms="28041" status="PASS">
          <params>
            <param index="0">
              <value is-null="true"/>
            </param>
            <param index="1">
              <value>
                <![CDATA[NISHAKAR]]>
              </value>
            </param>
            <param index="2">
              <value>
                <![CDATA[TARAI]]>
              </value>
            </param>
            <param index="3">
              <value>
                <![CDATA[12.0]]>
              </value>
            </param>
            <param index="4">
              <value>
                <![CDATA[112.0]]>
              </value>
            </param>
            <param index="5">
              <value>
                <![CDATA[234.0]]>
              </value>
            </param>
            <param index="6">
              <value>
                <![CDATA[SINGITALI]]>
              </value>
            </param>
            <param index="7">
              <value>
                <![CDATA[6.372602822E9]]>
              </value>
            </param>
            <param index="8">
              <value>
                <![CDATA[prakashtaraisingitali@gmail.com]]>
              </value>
            </param>
          </params>
          <reporter-output>
          </reporter-output>
        </test-method> <!-- enterFirstname -->
        <test-method signature="enterFirstname(java.lang.String, java.lang.String, java.lang.String, java.lang.String, java.lang.String, java.lang.String, java.lang.String, java.lang.String, java.lang.String)[pri:0, instance:Oasys.Oasysapp.Appa@c333c60]" started-at="2024-06-06T18:32:46 IST" name="enterFirstname" data-provider="testdata" finished-at="2024-06-06T18:33:14 IST" duration-ms="27836" status="PASS">
          <params>
            <param index="0">
              <value is-null="true"/>
            </param>
            <param index="1">
              <value>
                <![CDATA[PRASANNA ]]>
              </value>
            </param>
            <param index="2">
              <value>
                <![CDATA[TARAI]]>
              </value>
            </param>
            <param index="3">
              <value>
                <![CDATA[12.0]]>
              </value>
            </param>
            <param index="4">
              <value>
                <![CDATA[112.0]]>
              </value>
            </param>
            <param index="5">
              <value>
                <![CDATA[234.0]]>
              </value>
            </param>
            <param index="6">
              <value>
                <![CDATA[SINGITALIA]]>
              </value>
            </param>
            <param index="7">
              <value>
                <![CDATA[8.328961274E9]]>
              </value>
            </param>
            <param index="8">
              <value>
                <![CDATA[rajatmohantysahapur@gmail.com]]>
              </value>
            </param>
          </params>
          <reporter-output>
          </reporter-output>
        </test-method> <!-- enterFirstname -->
        <test-method signature="enterFirstname(java.lang.String, java.lang.String, java.lang.String, java.lang.String, java.lang.String, java.lang.String, java.lang.String, java.lang.String, java.lang.String)[pri:0, instance:Oasys.Oasysapp.Appa@c333c60]" started-at="2024-06-06T18:33:14 IST" name="enterFirstname" data-provider="testdata" finished-at="2024-06-06T18:33:41 IST" duration-ms="27467" status="PASS">
          <params>
            <param index="0">
              <value is-null="true"/>
            </param>
            <param index="1">
              <value>
                <![CDATA[Gopal]]>
              </value>
            </param>
            <param index="2">
              <value>
                <![CDATA[Mandal]]>
              </value>
            </param>
            <param index="3">
              <value>
                <![CDATA[17.0]]>
              </value>
            </param>
            <param index="4">
              <value>
                <![CDATA[163.0]]>
              </value>
            </param>
            <param index="5">
              <value>
                <![CDATA[310.0]]>
              </value>
            </param>
            <param index="6">
              <value>
                <![CDATA[Junusnagar]]>
              </value>
            </param>
            <param index="7">
              <value>
                <![CDATA[8.658530367E9]]>
              </value>
            </param>
            <param index="8">
              <value>
                <![CDATA[rameshmistri789@gmail.com]]>
              </value>
            </param>
          </params>
          <reporter-output>
          </reporter-output>
        </test-method> <!-- enterFirstname -->
        <test-method is-config="true" signature="teardown()[pri:0, instance:Oasys.Oasysapp.Appa@c333c60]" started-at="2024-06-06T18:33:41 IST" name="teardown" finished-at="2024-06-06T18:33:43 IST" duration-ms="2130" status="PASS">
          <reporter-output>
          </reporter-output>
        </test-method> <!-- teardown -->
      </class> <!-- Oasys.Oasysapp.Appa -->
    </test> <!-- OasysDataBIMS -->
  </suite> <!-- OasysApp -->
</testng-results>
